#
# A fatal error has been detected by the Java Runtime Environment:
#
#  SIGSEGV (0xb) at pc=0x00007f8126da8d40, pid=9366, tid=140192639784704
#
# JRE version: OpenJDK Runtime Environment (7.0_79-b14) (build 1.7.0_79-b14)
# Java VM: OpenJDK 64-Bit Server VM (24.79-b02 mixed mode linux-amd64 compressed oops)
# Derivative: IcedTea 2.5.5
# Distribution: Ubuntu 14.04 LTS, package 7u79-2.5.5-0ubuntu0.14.04.2
# Problematic frame:
# V  [libjvm.so+0x830d40]  oopDesc* PSPromotionManager::copy_to_survivor_space<false>(oopDesc*)+0x500
#
# Failed to write core dump. Core dumps have been disabled. To enable core dumping, try "ulimit -c unlimited" before starting Java again
#
# If you would like to submit a bug report, please include
# instructions on how to reproduce the bug and visit:
#   http://icedtea.classpath.org/bugzilla
#

---------------  T H R E A D  ---------------

Current thread (0x00007f8120022000):  GCTaskThread [stack: 0x00007f81246e9000,0x00007f81247ea000] [id=9388]

siginfo:si_signo=SIGSEGV: si_errno=0, si_code=1 (SEGV_MAPERR), si_addr=0x0000000000000018

Registers:
RAX=0x00007f812733a420, RBX=0x00000000ed971a40, RCX=0x0000000000000000, RDX=0x0000000000000000
RSP=0x00007f81247e8c40, RBP=0x00007f81247e8ca0, RSI=0x00000000ed971a40, RDI=0x00000000c2e00208
R8 =0x0000000000000001, R9 =0x00007f812001c2a8, R10=0x0000000000000400, R11=0x000000000000003f
R12=0x00000000c2e00208, R13=0x0000000000000001, R14=0x00007f812006f220, R15=0x000000000000000a
RIP=0x00007f8126da8d40, EFLAGS=0x0000000000010246, CSGSFS=0x0000000000000033, ERR=0x0000000000000004
  TRAPNO=0x000000000000000e

Top of Stack: (sp=0x00007f81247e8c40)
0x00007f81247e8c40:   0000000000000050 00007f812001b2d0
0x00007f81247e8c50:   0000000000000050 00007f8100000001
0x00007f81247e8c60:   00000000c2e00208 0000000000000400
0x00007f81247e8c70:   00007f812006f290 00007f812006f220
0x00007f81247e8c80:   00000000c2cc7814 0000000000000000
0x00007f81247e8c90:   00007f812006f290 00007f812733a420
0x00007f81247e8ca0:   00007f81247e8d10 00007f8126da8208
0x00007f81247e8cb0:   00007f81247e8cf0 00007f812006f2c0
0x00007f81247e8cc0:   00007f8120023128 00000000c2aa0018
0x00007f81247e8cd0:   00000000c2a9fff0 00007f812001b2f0
0x00007f81247e8ce0:   00007f8124adf501 00000000b7f0bf60
0x00007f81247e8cf0:   00007f81273565c3 00000000b7f0cc08
0x00007f81247e8d00:   00007f8124a8ff2d 00007f812001d200
0x00007f81247e8d10:   00007f81247e8da0 00007f8126930220
0x00007f81247e8d20:   00007f8124a8ff2e 00000000b8be5ac0
0x00007f81247e8d30:   00007f812006f220 00007f8124a89867
0x00007f81247e8d40:   00007f8124a89861 00000000b7f0bf60
0x00007f81247e8d50:   00007f8124a89862 00007f812001b020
0x00007f81247e8d60:   00007f8124a89867 00000000b7f0cc08
0x00007f81247e8d70:   00007f81247e8d90 00007f812006f220
0x00007f81247e8d80:   00007f81200241d0 00007f8126f25e78
0x00007f81247e8d90:   00007f8120022000 00007f81273563ea
0x00007f81247e8da0:   00007f81247e8dc0 00007f8126dab8bf
0x00007f81247e8db0:   0000000000000001 00007f81200241d0
0x00007f81247e8dc0:   00007f81247e8ed0 00007f8126abd0b2
0x00007f81247e8dd0:   00000000000003d8 00007f8120022768
0x00007f81247e8de0:   00007f8120022390 00007f81247e8e60
0x00007f81247e8df0:   00007f8120022350 00007f8120022380
0x00007f81247e8e00:   00007f81247e8e10 0000000000000000
0x00007f81247e8e10:   0000000000000000 00007f8120023100
0x00007f81247e8e20:   00007f8120022000 00007f8120022770
0x00007f81247e8e30:   00007f81200227b0 00007f81200227c0 

Instructions: (pc=0x00007f8126da8d40)
0x00007f8126da8d20:   0f b6 00 84 c0 0f 84 35 01 00 00 48 8d 05 ee 16
0x00007f8126da8d30:   59 00 41 8b 54 24 08 8b 48 08 48 d3 e2 48 03 10
0x00007f8126da8d40:   81 7a 18 ff ff ff bf 4c 89 e0 0f 87 83 fc ff ff
0x00007f8126da8d50:   48 8b 4a 10 48 8d 7a 10 4c 89 65 b8 4c 89 e2 4c 

Register to memory mapping:

RAX=0x00007f812733a420: <offset 0xdc2420> in /usr/lib/jvm/java-7-openjdk-amd64/jre/lib/amd64/server/libjvm.so at 0x00007f8126578000
RBX=0x00000000ed971a40 is an oop
[C 
 - klass: {type array char}
 - length: 29
RCX=0x0000000000000000 is an unknown value
RDX=0x0000000000000000 is an unknown value
RSP=0x00007f81247e8c40 is an unknown value
RBP=0x00007f81247e8ca0 is an unknown value
RSI=0x00000000ed971a40 is an oop
[C 
 - klass: {type array char}
 - length: 29
RDI=
[error occurred during error reporting (printing register info), id 0xb]

Stack: [0x00007f81246e9000,0x00007f81247ea000],  sp=0x00007f81247e8c40,  free space=1023k
Native frames: (J=compiled Java code, j=interpreted, Vv=VM code, C=native code)
V  [libjvm.so+0x830d40]  oopDesc* PSPromotionManager::copy_to_survivor_space<false>(oopDesc*)+0x500
V  [libjvm.so+0x830208]  PSPromotionManager::drain_stacks_depth(bool)+0x688
V  [libjvm.so+0x3b8220]  CardTableExtension::scavenge_contents(ObjectStartArray*, MutableSpace*, HeapWord*, PSPromotionManager*)+0x600
V  [libjvm.so+0x8338bf]  SerialOldToYoungRootsTask::do_it(GCTaskManager*, unsigned int)+0x3f
V  [libjvm.so+0x5450b2]  GCTaskThread::run()+0x162
V  [libjvm.so+0x7c4f32]  java_start(Thread*)+0xf2


---------------  P R O C E S S  ---------------

Java Threads: ( => current thread )
  0x00007f81200aa000 JavaThread "Service Thread" daemon [_thread_blocked, id=9395, stack(0x00007f81195ef000,0x00007f81196f0000)]
  0x00007f81200a8000 JavaThread "C2 CompilerThread1" daemon [_thread_blocked, id=9394, stack(0x00007f81196f0000,0x00007f81197f1000)]
  0x00007f81200a5000 JavaThread "C2 CompilerThread0" daemon [_thread_blocked, id=9393, stack(0x00007f81197f1000,0x00007f81198f2000)]
  0x00007f81200a2800 JavaThread "Signal Dispatcher" daemon [_thread_blocked, id=9392, stack(0x00007f81198f2000,0x00007f81199f3000)]
  0x00007f8120077800 JavaThread "Finalizer" daemon [_thread_blocked, id=9391, stack(0x00007f811a0d5000,0x00007f811a1d6000)]
  0x00007f8120075800 JavaThread "Reference Handler" daemon [_thread_blocked, id=9390, stack(0x00007f811a1d6000,0x00007f811a2d7000)]
  0x00007f812000a000 JavaThread "main" [_thread_blocked, id=9386, stack(0x00007f812808c000,0x00007f812818d000)]

Other Threads:
  0x00007f8120071000 VMThread [stack: 0x00007f811a2d7000,0x00007f811a3d8000] [id=9389]
  0x00007f81200b5000 WatcherThread [stack: 0x00007f81194ee000,0x00007f81195ef000] [id=9396]

=>0x00007f8120022000 (exited) GCTaskThread [stack: 0x00007f81246e9000,0x00007f81247ea000] [id=9388]

VM state:at safepoint (normal execution)

VM Mutex/Monitor currently owned by a thread:  ([mutex/lock_event])
[0x00007f81200067c0] Threads_lock - owner thread: 0x00007f8120071000
[0x00007f8120006cc0] Heap_lock - owner thread: 0x00007f812000a000

Heap
 PSYoungGen      total 68096K, used 47089K [0x00000000eb600000, 0x00000000efb00000, 0x0000000100000000)
  eden space 65536K, 67% used [0x00000000eb600000,0x00000000ee184728,0x00000000ef600000)
  from space 2560K, 98% used [0x00000000ef880000,0x00000000efaf8020,0x00000000efb00000)
  to   space 2560K, 100% used [0x00000000ef600000,0x00000000ef880000,0x00000000ef880000)
 ParOldGen       total 41984K, used 14506K [0x00000000c2200000, 0x00000000c4b00000, 0x00000000eb600000)
  object space 41984K, 34% used [0x00000000c2200000,0x00000000c302aba0,0x00000000c4b00000)
 PSPermGen       total 21504K, used 16278K [0x00000000b7c00000, 0x00000000b9100000, 0x00000000c2200000)
  object space 21504K, 75% used [0x00000000b7c00000,0x00000000b8be5ac0,0x00000000b9100000)

Card table byte_map: [0x00007f8124a88000,0x00007f8124ccb000] byte_map_base: 0x00007f81244ca000

Polling page: 0x00007f81281a8000

Code Cache  [0x00007f811d000000, 0x00007f811d270000, 0x00007f8120000000)
 total_blobs=663 nmethods=372 adapters=245 free_code_cache=47853Kb largest_free_block=48948544

Compilation events (10 events):
Event: 6,361 Thread 0x00007f81200a8000 nmethod 375 0x00007f811d144a90 code [0x00007f811d144d80, 0x00007f811d145670]
Event: 6,361 Thread 0x00007f81200a8000  380             java.util.IdentityHashMap::hash (18 bytes)
Event: 6,362 Thread 0x00007f81200a8000 nmethod 380 0x00007f811d1303d0 code [0x00007f811d130520, 0x00007f811d1305c8]
Event: 6,362 Thread 0x00007f81200a5000 nmethod 378 0x00007f811d10fad0 code [0x00007f811d10fc40, 0x00007f811d10fff8]
Event: 6,422 Thread 0x00007f81200a5000  381             java.lang.reflect.Method::getReturnType (5 bytes)
Event: 6,422 Thread 0x00007f81200a5000 nmethod 381 0x00007f811d12d6d0 code [0x00007f811d12d800, 0x00007f811d12d858]
Event: 6,430 Thread 0x00007f81200a5000  382             java.net.URI::match (56 bytes)
Event: 6,431 Thread 0x00007f81200a5000 nmethod 382 0x00007f811d10f890 code [0x00007f811d10f9c0, 0x00007f811d10fa58]
Event: 6,494 Thread 0x00007f81200a5000  383  s          java.lang.Throwable::fillInStackTrace (29 bytes)
Event: 6,496 Thread 0x00007f81200a5000 nmethod 383 0x00007f811d128c50 code [0x00007f811d128da0, 0x00007f811d1290e8]

GC Heap History (9 events):
Event: 0,849 GC heap before
{Heap before GC invocations=1 (full 0):
 PSYoungGen      total 18944K, used 16384K [0x00000000eb600000, 0x00000000ecb00000, 0x0000000100000000)
  eden space 16384K, 100% used [0x00000000eb600000,0x00000000ec600000,0x00000000ec600000)
  from space 2560K, 0% used [0x00000000ec880000,0x00000000ec880000,0x00000000ecb00000)
  to   space 2560K, 0% used [0x00000000ec600000,0x00000000ec600000,0x00000000ec880000)
 ParOldGen       total 41984K, used 0K [0x00000000c2200000, 0x00000000c4b00000, 0x00000000eb600000)
  object space 41984K, 0% used [0x00000000c2200000,0x00000000c2200000,0x00000000c4b00000)
 PSPermGen       total 21504K, used 7329K [0x00000000b7c00000, 0x00000000b9100000, 0x00000000c2200000)
  object space 21504K, 34% used [0x00000000b7c00000,0x00000000b8328558,0x00000000b9100000)
Event: 0,862 GC heap after
Heap after GC invocations=1 (full 0):
 PSYoungGen      total 18944K, used 2538K [0x00000000eb600000, 0x00000000edb00000, 0x0000000100000000)
  eden space 16384K, 0% used [0x00000000eb600000,0x00000000eb600000,0x00000000ec600000)
  from space 2560K, 99% used [0x00000000ec600000,0x00000000ec87a8f8,0x00000000ec880000)
  to   space 2560K, 0% used [0x00000000ed880000,0x00000000ed880000,0x00000000edb00000)
 ParOldGen       total 41984K, used 611K [0x00000000c2200000, 0x00000000c4b00000, 0x00000000eb600000)
  object space 41984K, 1% used [0x00000000c2200000,0x00000000c2298ff0,0x00000000c4b00000)
 PSPermGen       total 21504K, used 7329K [0x00000000b7c00000, 0x00000000b9100000, 0x00000000c2200000)
  object space 21504K, 34% used [0x00000000b7c00000,0x00000000b8328558,0x00000000b9100000)
}
Event: 1,503 GC heap before
{Heap before GC invocations=2 (full 0):
 PSYoungGen      total 18944K, used 18922K [0x00000000eb600000, 0x00000000edb00000, 0x0000000100000000)
  eden space 16384K, 100% used [0x00000000eb600000,0x00000000ec600000,0x00000000ec600000)
  from space 2560K, 99% used [0x00000000ec600000,0x00000000ec87a8f8,0x00000000ec880000)
  to   space 2560K, 0% used [0x00000000ed880000,0x00000000ed880000,0x00000000edb00000)
 ParOldGen       total 41984K, used 611K [0x00000000c2200000, 0x00000000c4b00000, 0x00000000eb600000)
  object space 41984K, 1% used [0x00000000c2200000,0x00000000c2298ff0,0x00000000c4b00000)
 PSPermGen       total 21504K, used 8348K [0x00000000b7c00000, 0x00000000b9100000, 0x00000000c2200000)
  object space 21504K, 38% used [0x00000000b7c00000,0x00000000b8427060,0x00000000b9100000)
Event: 1,512 GC heap after
Heap after GC invocations=2 (full 0):
 PSYoungGen      total 35328K, used 2329K [0x00000000eb600000, 0x00000000edb00000, 0x0000000100000000)
  eden space 32768K, 0% used [0x00000000eb600000,0x00000000eb600000,0x00000000ed600000)
  from space 2560K, 90% used [0x00000000ed880000,0x00000000edac65c0,0x00000000edb00000)
  to   space 2560K, 0% used [0x00000000ed600000,0x00000000ed600000,0x00000000ed880000)
 ParOldGen       total 41984K, used 619K [0x00000000c2200000, 0x00000000c4b00000, 0x00000000eb600000)
  object space 41984K, 1% used [0x00000000c2200000,0x00000000c229aff0,0x00000000c4b00000)
 PSPermGen       total 21504K, used 8348K [0x00000000b7c00000, 0x00000000b9100000, 0x00000000c2200000)
  object space 21504K, 38% used [0x00000000b7c00000,0x00000000b8427060,0x00000000b9100000)
}
Event: 2,621 GC heap before
{Heap before GC invocations=3 (full 0):
 PSYoungGen      total 35328K, used 35097K [0x00000000eb600000, 0x00000000edb00000, 0x0000000100000000)
  eden space 32768K, 100% used [0x00000000eb600000,0x00000000ed600000,0x00000000ed600000)
  from space 2560K, 90% used [0x00000000ed880000,0x00000000edac65c0,0x00000000edb00000)
  to   space 2560K, 0% used [0x00000000ed600000,0x00000000ed600000,0x00000000ed880000)
 ParOldGen       total 41984K, used 619K [0x00000000c2200000, 0x00000000c4b00000, 0x00000000eb600000)
  object space 41984K, 1% used [0x00000000c2200000,0x00000000c229aff0,0x00000000c4b00000)
 PSPermGen       total 21504K, used 12242K [0x00000000b7c00000, 0x00000000b9100000, 0x00000000c2200000)
  object space 21504K, 56% used [0x00000000b7c00000,0x00000000b87f49d0,0x00000000b9100000)
Event: 2,641 GC heap after
Heap after GC invocations=3 (full 0):
 PSYoungGen      total 35328K, used 2560K [0x00000000eb600000, 0x00000000efb00000, 0x0000000100000000)
  eden space 32768K, 0% used [0x00000000eb600000,0x00000000eb600000,0x00000000ed600000)
  from space 2560K, 100% used [0x00000000ed600000,0x00000000ed880000,0x00000000ed880000)
  to   space 2560K, 0% used [0x00000000ef880000,0x00000000ef880000,0x00000000efb00000)
 ParOldGen       total 41984K, used 4835K [0x00000000c2200000, 0x00000000c4b00000, 0x00000000eb600000)
  object space 41984K, 11% used [0x00000000c2200000,0x00000000c26b8e00,0x00000000c4b00000)
 PSPermGen       total 21504K, used 12242K [0x00000000b7c00000, 0x00000000b9100000, 0x00000000c2200000)
  object space 21504K, 56% used [0x00000000b7c00000,0x00000000b87f49d0,0x00000000b9100000)
}
Event: 4,299 GC heap before
{Heap before GC invocations=4 (full 0):
 PSYoungGen      total 35328K, used 35328K [0x00000000eb600000, 0x00000000efb00000, 0x0000000100000000)
  eden space 32768K, 100% used [0x00000000eb600000,0x00000000ed600000,0x00000000ed600000)
  from space 2560K, 100% used [0x00000000ed600000,0x00000000ed880000,0x00000000ed880000)
  to   space 2560K, 0% used [0x00000000ef880000,0x00000000ef880000,0x00000000efb00000)
 ParOldGen       total 41984K, used 4835K [0x00000000c2200000, 0x00000000c4b00000, 0x00000000eb600000)
  object space 41984K, 11% used [0x00000000c2200000,0x00000000c26b8e00,0x00000000c4b00000)
 PSPermGen       total 21504K, used 14592K [0x00000000b7c00000, 0x00000000b9100000, 0x00000000c2200000)
  object space 21504K, 67% used [0x00000000b7c00000,0x00000000b8a40118,0x00000000b9100000)
Event: 4,355 GC heap after
Heap after GC invocations=4 (full 0):
 PSYoungGen      total 68096K, used 2528K [0x00000000eb600000, 0x00000000efb00000, 0x0000000100000000)
  eden space 65536K, 0% used [0x00000000eb600000,0x00000000eb600000,0x00000000ef600000)
  from space 2560K, 98% used [0x00000000ef880000,0x00000000efaf8020,0x00000000efb00000)
  to   space 2560K, 0% used [0x00000000ef600000,0x00000000ef600000,0x00000000ef880000)
 ParOldGen       total 41984K, used 8894K [0x00000000c2200000, 0x00000000c4b00000, 0x00000000eb600000)
  object space 41984K, 21% used [0x00000000c2200000,0x00000000c2aaf840,0x00000000c4b00000)
 PSPermGen       total 21504K, used 14592K [0x00000000b7c00000, 0x00000000b9100000, 0x00000000c2200000)
  object space 21504K, 67% used [0x00000000b7c00000,0x00000000b8a40118,0x00000000b9100000)
}
Event: 223,171 GC heap before
{Heap before GC invocations=5 (full 0):
 PSYoungGen      total 68096K, used 47089K [0x00000000eb600000, 0x00000000efb00000, 0x0000000100000000)
  eden space 65536K, 67% used [0x00000000eb600000,0x00000000ee184728,0x00000000ef600000)
  from space 2560K, 98% used [0x00000000ef880000,0x00000000efaf8020,0x00000000efb00000)
  to   space 2560K, 0% used [0x00000000ef600000,0x00000000ef600000,0x00000000ef880000)
 ParOldGen       total 41984K, used 8894K [0x00000000c2200000, 0x00000000c4b00000, 0x00000000eb600000)
  object space 41984K, 21% used [0x00000000c2200000,0x00000000c2aaf840,0x00000000c4b00000)
 PSPermGen       total 21504K, used 16278K [0x00000000b7c00000, 0x00000000b9100000, 0x00000000c2200000)
  object space 21504K, 75% used [0x00000000b7c00000,0x00000000b8be5ac0,0x00000000b9100000)

Deoptimization events (10 events):
Event: 6,267 Thread 0x00007f812000a000 Uncommon trap: reason=bimorphic action=maybe_recompile pc=0x00007f811d0d4d38 method=java.util.regex.Pattern$CharProperty.match(Ljava/util/regex/Matcher;ILjava/lang/CharSequence;)Z @ 37
Event: 6,432 Thread 0x00007f8120791000 Uncommon trap: reason=class_check action=maybe_recompile pc=0x00007f811d078038 method=sun.misc.URLClassPath.getResource(Ljava/lang/String;Z)Lsun/misc/Resource; @ 53
Event: 6,439 Thread 0x00007f8120791000 Uncommon trap: reason=null_check action=make_not_entrant pc=0x00007f811d14a3e0 method=sun.nio.cs.StreamDecoder.inReady()Z @ 21
Event: 6,455 Thread 0x00007f8120791000 Uncommon trap: reason=unreached action=reinterpret pc=0x00007f811d09b9ec method=java.lang.AbstractStringBuilder.append(Ljava/lang/String;)Ljava/lang/AbstractStringBuilder; @ 1
Event: 6,519 Thread 0x00007f8120791000 Uncommon trap: reason=class_check action=maybe_recompile pc=0x00007f811d0b42c8 method=java.util.Hashtable.get(Ljava/lang/Object;)Ljava/lang/Object; @ 46
Event: 6,519 Thread 0x00007f8120791000 Uncommon trap: reason=class_check action=maybe_recompile pc=0x00007f811d0ecc7c method=java.util.Arrays.copyOf([Ljava/lang/Object;ILjava/lang/Class;)[Ljava/lang/Object; @ 25
Event: 223,167 Thread 0x00007f8120791000 Uncommon trap: reason=null_check action=make_not_entrant pc=0x00007f811d12b7b4 method=sun.nio.cs.StreamDecoder.inReady()Z @ 21
Event: 223,169 Thread 0x00007f812000a000 Uncommon trap: reason=bimorphic action=maybe_recompile pc=0x00007f811d0d4d38 method=java.util.regex.Pattern$CharProperty.match(Ljava/util/regex/Matcher;ILjava/lang/CharSequence;)Z @ 37
Event: 223,170 Thread 0x00007f812000a000 Uncommon trap: reason=bimorphic action=maybe_recompile pc=0x00007f811d0d4d38 method=java.util.regex.Pattern$CharProperty.match(Ljava/util/regex/Matcher;ILjava/lang/CharSequence;)Z @ 37
Event: 223,170 Thread 0x00007f812000a000 Uncommon trap: reason=bimorphic action=maybe_recompile pc=0x00007f811d0d4d38 method=java.util.regex.Pattern$CharProperty.match(Ljava/util/regex/Matcher;ILjava/lang/CharSequence;)Z @ 37

Internal exceptions (10 events):
Event: 6,518 Thread 0x00007f8120791000 Threw 0x00000000ee0f3500 at /build/buildd/openjdk-7-7u79-2.5.5/build/openjdk/hotspot/src/share/vm/prims/jvm.cpp:1284
Event: 6,527 Thread 0x00007f8120791000 Threw 0x00000000ee0fb580 at /build/buildd/openjdk-7-7u79-2.5.5/build/openjdk/hotspot/src/share/vm/prims/jvm.cpp:1284
Event: 6,527 Thread 0x00007f8120791000 Threw 0x00000000ee0fb9d0 at /build/buildd/openjdk-7-7u79-2.5.5/build/openjdk/hotspot/src/share/vm/prims/jvm.cpp:1284
Event: 6,531 Thread 0x00007f8120791000 Threw 0x00000000ee100200 at /build/buildd/openjdk-7-7u79-2.5.5/build/openjdk/hotspot/src/share/vm/prims/jvm.cpp:1284
Event: 6,531 Thread 0x00007f8120791000 Threw 0x00000000ee1006a0 at /build/buildd/openjdk-7-7u79-2.5.5/build/openjdk/hotspot/src/share/vm/prims/jvm.cpp:1284
Event: 6,533 Thread 0x00007f8120791000 Threw 0x00000000ee108028 at /build/buildd/openjdk-7-7u79-2.5.5/build/openjdk/hotspot/src/share/vm/prims/jvm.cpp:1284
Event: 6,533 Thread 0x00007f8120791000 Threw 0x00000000ee108478 at /build/buildd/openjdk-7-7u79-2.5.5/build/openjdk/hotspot/src/share/vm/prims/jvm.cpp:1284
Event: 6,541 Thread 0x00007f8120791000 Threw 0x00000000ee117160 at /build/buildd/openjdk-7-7u79-2.5.5/build/openjdk/hotspot/src/share/vm/prims/jvm.cpp:1284
Event: 6,541 Thread 0x00007f8120791000 Threw 0x00000000ee117640 at /build/buildd/openjdk-7-7u79-2.5.5/build/openjdk/hotspot/src/share/vm/prims/jvm.cpp:1284
Event: 223,167 Thread 0x00007f8120791000 Implicit null exception at 0x00007f811d12acb1 to 0x00007f811d12b7a9

Events (10 events):
Event: 223,169 Thread 0x00007f812000a000 Uncommon trap: trap_request=0xffffffc6 fr.pc=0x00007f811d0d4d38
Event: 223,169 Thread 0x00007f812000a000 DEOPT PACKING pc=0x00007f811d0d4d38 sp=0x00007f8128189e00
Event: 223,170 Thread 0x00007f812000a000 DEOPT UNPACKING pc=0x00007f811d039045 sp=0x00007f8128189dc8 mode 2
Event: 223,170 Thread 0x00007f812000a000 Uncommon trap: trap_request=0xffffffc6 fr.pc=0x00007f811d0d4d38
Event: 223,170 Thread 0x00007f812000a000 DEOPT PACKING pc=0x00007f811d0d4d38 sp=0x00007f8128189e00
Event: 223,170 Thread 0x00007f812000a000 DEOPT UNPACKING pc=0x00007f811d039045 sp=0x00007f8128189dc8 mode 2
Event: 223,170 Thread 0x00007f812000a000 Uncommon trap: trap_request=0xffffffc6 fr.pc=0x00007f811d0d4d38
Event: 223,170 Thread 0x00007f812000a000 DEOPT PACKING pc=0x00007f811d0d4d38 sp=0x00007f812818a070
Event: 223,170 Thread 0x00007f812000a000 DEOPT UNPACKING pc=0x00007f811d039045 sp=0x00007f812818a038 mode 2
Event: 223,171 Executing VM operation: ParallelGCSystemGC


Dynamic libraries:
00400000-00401000 r-xp 00000000 08:06 1064800                            /usr/lib/jvm/java-7-openjdk-amd64/jre/bin/java
00600000-00601000 r--p 00000000 08:06 1064800                            /usr/lib/jvm/java-7-openjdk-amd64/jre/bin/java
00601000-00602000 rw-p 00001000 08:06 1064800                            /usr/lib/jvm/java-7-openjdk-amd64/jre/bin/java
0247d000-0249e000 rw-p 00000000 00:00 0                                  [heap]
b7c00000-b9100000 rw-p 00000000 00:00 0 
b9100000-c2200000 rw-p 00000000 00:00 0 
c2200000-c4b00000 rw-p 00000000 00:00 0 
c4b00000-eb600000 rw-p 00000000 00:00 0 
eb600000-efb00000 rw-p 00000000 00:00 0 
efb00000-100000000 rw-p 00000000 00:00 0 
7f80e8000000-7f80e8049000 rw-p 00000000 00:00 0 
7f80e8049000-7f80ec000000 ---p 00000000 00:00 0 
7f80ec000000-7f80ec021000 rw-p 00000000 00:00 0 
7f80ec021000-7f80f0000000 ---p 00000000 00:00 0 
7f80f3ab9000-7f80f3abc000 ---p 00000000 00:00 0 
7f80f3abc000-7f80f3bba000 rw-p 00000000 00:00 0 
7f80f3bba000-7f80f3bf7000 r-xp 00000000 08:06 923969                     /lib/x86_64-linux-gnu/libpcre.so.3.13.1
7f80f3bf7000-7f80f3df6000 ---p 0003d000 08:06 923969                     /lib/x86_64-linux-gnu/libpcre.so.3.13.1
7f80f3df6000-7f80f3df7000 r--p 0003c000 08:06 923969                     /lib/x86_64-linux-gnu/libpcre.so.3.13.1
7f80f3df7000-7f80f3df8000 rw-p 0003d000 08:06 923969                     /lib/x86_64-linux-gnu/libpcre.so.3.13.1
7f80f3df8000-7f80f3dff000 r-xp 00000000 08:06 9205                       /usr/lib/x86_64-linux-gnu/libffi.so.6.0.1
7f80f3dff000-7f80f3ffe000 ---p 00007000 08:06 9205                       /usr/lib/x86_64-linux-gnu/libffi.so.6.0.1
7f80f3ffe000-7f80f3fff000 r--p 00006000 08:06 9205                       /usr/lib/x86_64-linux-gnu/libffi.so.6.0.1
7f80f3fff000-7f80f4000000 rw-p 00007000 08:06 9205                       /usr/lib/x86_64-linux-gnu/libffi.so.6.0.1
7f80f4000000-7f80f4021000 rw-p 00000000 00:00 0 
7f80f4021000-7f80f8000000 ---p 00000000 00:00 0 
7f80f8000000-7f80f8c76000 rw-p 00000000 00:00 0 
7f80f8c76000-7f80fc000000 ---p 00000000 00:00 0 
7f80fc000000-7f80fc021000 rw-p 00000000 00:00 0 
7f80fc021000-7f8100000000 ---p 00000000 00:00 0 
7f8100000000-7f8100815000 rw-p 00000000 00:00 0 
7f8100815000-7f8104000000 ---p 00000000 00:00 0 
7f8104000000-7f8104021000 rw-p 00000000 00:00 0 
7f8104021000-7f8108000000 ---p 00000000 00:00 0 
7f8108000000-7f8108021000 rw-p 00000000 00:00 0 
7f8108021000-7f810c000000 ---p 00000000 00:00 0 
7f810c000000-7f810c24d000 rw-p 00000000 00:00 0 
7f810c24d000-7f8110000000 ---p 00000000 00:00 0 
7f8110000000-7f8110021000 rw-p 00000000 00:00 0 
7f8110021000-7f8114000000 ---p 00000000 00:00 0 
7f8114000000-7f8114021000 rw-p 00000000 00:00 0 
7f8114021000-7f8118000000 ---p 00000000 00:00 0 
7f81180d0000-7f81180d1000 rw-p 00000000 00:00 0 
7f81180d1000-7f81180d9000 r--s 00097000 08:07 394294                     /home/joelikho/.m2/repository/org/postgresql/postgresql/9.4-1201.jdbc41/postgresql-9.4-1201.jdbc41.jar
7f81180d9000-7f81180db000 r--s 0000c000 08:07 395125                     /home/joelikho/.m2/repository/org/apache/commons/commons-exec/1.3/commons-exec-1.3.jar
7f81180db000-7f81180df000 r--s 00038000 08:07 395124                     /home/joelikho/.m2/repository/org/codehaus/plexus/plexus-utils/3.0.20/plexus-utils-3.0.20.jar
7f81180df000-7f81180e1000 r--s 00002000 08:07 395118                     /home/joelikho/.m2/repository/org/sonatype/plexus/plexus-cipher/1.4/plexus-cipher-1.4.jar
7f81180e1000-7f81180e2000 r--s 00006000 08:07 395117                     /home/joelikho/.m2/repository/org/sonatype/plexus/plexus-sec-dispatcher/1.3/plexus-sec-dispatcher-1.3.jar
7f81180e2000-7f81180e4000 r--s 00002000 08:07 394471                     /home/joelikho/.m2/repository/org/codehaus/plexus/plexus-interactivity-api/1.0-alpha-4/plexus-interactivity-api-1.0-alpha-4.jar
7f81180e4000-7f81180e6000 r--s 00009000 08:07 395110                     /home/joelikho/.m2/repository/commons-cli/commons-cli/1.2/commons-cli-1.2.jar
7f81180e6000-7f81180e8000 r--s 00002000 08:07 395103                     /home/joelikho/.m2/repository/org/apache/maven/doxia/doxia-sink-api/1.1/doxia-sink-api-1.1.jar
7f81180e8000-7f8118119000 rw-p 00000000 00:00 0 
7f8118119000-7f8118130000 r-xp 00000000 08:06 924230                     /lib/x86_64-linux-gnu/libresolv-2.19.so
7f8118130000-7f8118330000 ---p 00017000 08:06 924230                     /lib/x86_64-linux-gnu/libresolv-2.19.so
7f8118330000-7f8118331000 r--p 00017000 08:06 924230                     /lib/x86_64-linux-gnu/libresolv-2.19.so
7f8118331000-7f8118332000 rw-p 00018000 08:06 924230                     /lib/x86_64-linux-gnu/libresolv-2.19.so
7f8118332000-7f8118334000 rw-p 00000000 00:00 0 
7f8118334000-7f8118354000 r-xp 00000000 08:06 923996                     /lib/x86_64-linux-gnu/libselinux.so.1
7f8118354000-7f8118553000 ---p 00020000 08:06 923996                     /lib/x86_64-linux-gnu/libselinux.so.1
7f8118553000-7f8118554000 r--p 0001f000 08:06 923996                     /lib/x86_64-linux-gnu/libselinux.so.1
7f8118554000-7f8118555000 rw-p 00020000 08:06 923996                     /lib/x86_64-linux-gnu/libselinux.so.1
7f8118555000-7f8118557000 rw-p 00000000 00:00 0 
7f8118557000-7f811855a000 r-xp 00000000 08:06 9318                       /usr/lib/x86_64-linux-gnu/libgmodule-2.0.so.0.4002.0
7f811855a000-7f8118759000 ---p 00003000 08:06 9318                       /usr/lib/x86_64-linux-gnu/libgmodule-2.0.so.0.4002.0
7f8118759000-7f811875a000 r--p 00002000 08:06 9318                       /usr/lib/x86_64-linux-gnu/libgmodule-2.0.so.0.4002.0
7f811875a000-7f811875b000 rw-p 00003000 08:06 9318                       /usr/lib/x86_64-linux-gnu/libgmodule-2.0.so.0.4002.0
7f811875b000-7f8118861000 r-xp 00000000 08:06 923897                     /lib/x86_64-linux-gnu/libglib-2.0.so.0.4002.0
7f8118861000-7f8118a60000 ---p 00106000 08:06 923897                     /lib/x86_64-linux-gnu/libglib-2.0.so.0.4002.0
7f8118a60000-7f8118a61000 r--p 00105000 08:06 923897                     /lib/x86_64-linux-gnu/libglib-2.0.so.0.4002.0
7f8118a61000-7f8118a62000 rw-p 00106000 08:06 923897                     /lib/x86_64-linux-gnu/libglib-2.0.so.0.4002.0
7f8118a62000-7f8118a63000 rw-p 00000000 00:00 0 
7f8118a63000-7f8118ab2000 r-xp 00000000 08:06 9334                       /usr/lib/x86_64-linux-gnu/libgobject-2.0.so.0.4002.0
7f8118ab2000-7f8118cb2000 ---p 0004f000 08:06 9334                       /usr/lib/x86_64-linux-gnu/libgobject-2.0.so.0.4002.0
7f8118cb2000-7f8118cb3000 r--p 0004f000 08:06 9334                       /usr/lib/x86_64-linux-gnu/libgobject-2.0.so.0.4002.0
7f8118cb3000-7f8118cb4000 rw-p 00050000 08:06 9334                       /usr/lib/x86_64-linux-gnu/libgobject-2.0.so.0.4002.0
7f8118cb4000-7f8118e20000 r-xp 00000000 08:06 9306                       /usr/lib/x86_64-linux-gnu/libgio-2.0.so.0.4002.0
7f8118e20000-7f811901f000 ---p 0016c000 08:06 9306                       /usr/lib/x86_64-linux-gnu/libgio-2.0.so.0.4002.0
7f811901f000-7f8119023000 r--p 0016b000 08:06 9306                       /usr/lib/x86_64-linux-gnu/libgio-2.0.so.0.4002.0
7f8119023000-7f8119025000 rw-p 0016f000 08:06 9306                       /usr/lib/x86_64-linux-gnu/libgio-2.0.so.0.4002.0
7f8119025000-7f8119027000 rw-p 00000000 00:00 0 
7f8119027000-7f8119028000 r--s 00002000 08:07 395107                     /home/joelikho/.m2/repository/org/apache/maven/doxia/doxia-logging-api/1.1/doxia-logging-api-1.1.jar
7f8119028000-7f8119029000 r--s 00002000 08:07 395102                     /home/joelikho/.m2/repository/org/apache/maven/reporting/maven-reporting-api/2.2.1/maven-reporting-api-2.2.1.jar
7f8119029000-7f811902b000 r--s 00003000 08:07 395100                     /home/joelikho/.m2/repository/org/slf4j/jcl-over-slf4j/1.5.6/jcl-over-slf4j-1.5.6.jar
7f811902b000-7f811902d000 r--s 00001000 08:07 395095                     /home/joelikho/.m2/repository/org/slf4j/slf4j-jdk14/1.5.6/slf4j-jdk14-1.5.6.jar
7f811902d000-7f8119035000 r--s 00049000 08:07 395078                     /home/joelikho/.m2/repository/backport-util-concurrent/backport-util-concurrent/3.1/backport-util-concurrent-3.1.jar
7f8119035000-7f8119037000 r--s 0000b000 08:07 395079                     /home/joelikho/.m2/repository/org/codehaus/plexus/plexus-interpolation/1.11/plexus-interpolation-1.11.jar
7f8119037000-7f8119039000 r--s 0000a000 08:07 394990                     /home/joelikho/.m2/repository/org/codehaus/mojo/exec-maven-plugin/1.4.0/exec-maven-plugin-1.4.0.jar
7f8119039000-7f811903e000 r--s 0004d000 08:06 1069017                    /usr/lib/jvm/java-7-openjdk-amd64/jre/lib/jsse.jar
7f811903e000-7f8119055000 r-xp 00000000 08:06 1064869                    /usr/lib/jvm/java-7-openjdk-amd64/jre/lib/amd64/libnet.so
7f8119055000-7f8119254000 ---p 00017000 08:06 1064869                    /usr/lib/jvm/java-7-openjdk-amd64/jre/lib/amd64/libnet.so
7f8119254000-7f8119255000 r--p 00016000 08:06 1064869                    /usr/lib/jvm/java-7-openjdk-amd64/jre/lib/amd64/libnet.so
7f8119255000-7f8119256000 rw-p 00017000 08:06 1064869                    /usr/lib/jvm/java-7-openjdk-amd64/jre/lib/amd64/libnet.so
7f8119256000-7f8119266000 r-xp 00000000 08:06 1064856                    /usr/lib/jvm/java-7-openjdk-amd64/jre/lib/amd64/libnio.so
7f8119266000-7f8119466000 ---p 00010000 08:06 1064856                    /usr/lib/jvm/java-7-openjdk-amd64/jre/lib/amd64/libnio.so
7f8119466000-7f8119467000 r--p 00010000 08:06 1064856                    /usr/lib/jvm/java-7-openjdk-amd64/jre/lib/amd64/libnio.so
7f8119467000-7f8119468000 rw-p 00011000 08:06 1064856                    /usr/lib/jvm/java-7-openjdk-amd64/jre/lib/amd64/libnio.so
7f8119468000-7f8119471000 r--s 00059000 08:07 264748                     /home/joelikho/soft/apache-maven/apache-maven-3.3.1/lib/sisu-guice-3.2.5-no_aop.jar
7f8119471000-7f8119473000 r--s 00005000 08:07 264752                     /home/joelikho/soft/apache-maven/apache-maven-3.3.1/lib/slf4j-api-1.7.5.jar
7f8119473000-7f8119476000 r--s 00008000 08:07 264737                     /home/joelikho/soft/apache-maven/apache-maven-3.3.1/lib/cdi-api-1.0.jar
7f8119476000-7f8119478000 r--s 00006000 08:07 264745                     /home/joelikho/soft/apache-maven/apache-maven-3.3.1/lib/aether-spi-1.0.2.v20150114.jar
7f8119478000-7f811947a000 r--s 00002000 08:07 264732                     /home/joelikho/soft/apache-maven/apache-maven-3.3.1/lib/plexus-cipher-1.7.jar
7f811947a000-7f811947f000 r--s 00027000 08:07 264741                     /home/joelikho/soft/apache-maven/apache-maven-3.3.1/lib/maven-model-builder-3.3.1.jar
7f811947f000-7f8119482000 r--s 0000d000 08:07 264729                     /home/joelikho/soft/apache-maven/apache-maven-3.3.1/lib/plexus-interpolation-1.21.jar
7f8119482000-7f8119484000 r--s 0000c000 08:07 264734                     /home/joelikho/soft/apache-maven/apache-maven-3.3.1/lib/maven-artifact-3.3.1.jar
7f8119484000-7f8119488000 r--s 00020000 08:07 264746                     /home/joelikho/soft/apache-maven/apache-maven-3.3.1/lib/aether-util-1.0.2.v20150114.jar
7f8119488000-7f8119489000 r--s 00002000 08:07 264759                     /home/joelikho/soft/apache-maven/apache-maven-3.3.1/lib/wagon-file-2.8.jar
7f8119489000-7f811948d000 r--s 00027000 08:07 264747                     /home/joelikho/soft/apache-maven/apache-maven-3.3.1/lib/aether-impl-1.0.2.v20150114.jar
7f811948d000-7f811948f000 r--s 00009000 08:07 264705                     /home/joelikho/soft/apache-maven/apache-maven-3.3.1/lib/maven-settings-3.3.1.jar
7f811948f000-7f8119490000 r--s 00000000 08:07 264739                     /home/joelikho/soft/apache-maven/apache-maven-3.3.1/lib/javax.inject-1.jar
7f8119490000-7f8119495000 r--s 0001d000 08:07 264744                     /home/joelikho/soft/apache-maven/apache-maven-3.3.1/lib/aether-api-1.0.2.v20150114.jar
7f8119495000-7f81194c3000 r--s 001fa000 08:07 264754                     /home/joelikho/soft/apache-maven/apache-maven-3.3.1/lib/wagon-http-2.8-shaded.jar
7f81194c3000-7f81194ee000 r--s 001fc000 08:07 264742                     /home/joelikho/soft/apache-maven/apache-maven-3.3.1/lib/guava-18.0.jar
7f81194ee000-7f81194ef000 ---p 00000000 00:00 0 
7f81194ef000-7f81195ef000 rw-p 00000000 00:00 0                          [stack:9396]
7f81195ef000-7f81195f2000 ---p 00000000 00:00 0 
7f81195f2000-7f81196f0000 rw-p 00000000 00:00 0                          [stack:9395]
7f81196f0000-7f81196f3000 ---p 00000000 00:00 0 
7f81196f3000-7f81197f1000 rw-p 00000000 00:00 0                          [stack:9394]
7f81197f1000-7f81197f4000 ---p 00000000 00:00 0 
7f81197f4000-7f81198f2000 rw-p 00000000 00:00 0                          [stack:9393]
7f81198f2000-7f81198f5000 ---p 00000000 00:00 0 
7f81198f5000-7f81199f3000 rw-p 00000000 00:00 0                          [stack:9392]
7f81199f3000-7f811a0d5000 r--p 00000000 08:06 6590                       /usr/lib/locale/locale-archive
7f811a0d5000-7f811a0d8000 ---p 00000000 00:00 0 
7f811a0d8000-7f811a1d6000 rw-p 00000000 00:00 0                          [stack:9391]
7f811a1d6000-7f811a1d9000 ---p 00000000 00:00 0 
7f811a1d9000-7f811a2d7000 rw-p 00000000 00:00 0                          [stack:9390]
7f811a2d7000-7f811a2d8000 ---p 00000000 00:00 0 
7f811a2d8000-7f811d000000 rw-p 00000000 00:00 0                          [stack:9389]
7f811d000000-7f811d270000 rwxp 00000000 00:00 0 
7f811d270000-7f812087f000 rw-p 00000000 00:00 0 
7f812087f000-7f8124000000 ---p 00000000 00:00 0 
7f8124000000-7f8124002000 r--s 00005000 08:07 264733                     /home/joelikho/soft/apache-maven/apache-maven-3.3.1/lib/maven-repository-metadata-3.3.1.jar
7f8124002000-7f8124003000 r--s 00008000 08:07 264760                     /home/joelikho/soft/apache-maven/apache-maven-3.3.1/lib/aether-connector-basic-1.0.2.v20150114.jar
7f8124003000-7f8124007000 r--s 00027000 08:07 264758                     /home/joelikho/soft/apache-maven/apache-maven-3.3.1/lib/commons-io-2.2.jar
7f8124007000-7f8124008000 r--s 00001000 08:07 264738                     /home/joelikho/soft/apache-maven/apache-maven-3.3.1/lib/jsr250-api-1.0.jar
7f8124008000-7f8124009000 r--s 00003000 08:07 264728                     /home/joelikho/soft/apache-maven/apache-maven-3.3.1/lib/maven-builder-support-3.3.1.jar
7f8124009000-7f812400a000 r--s 00002000 08:07 264762                     /home/joelikho/soft/apache-maven/apache-maven-3.3.1/lib/slf4j-simple-1.7.5.jar
7f812400a000-7f8124010000 r--s 00042000 08:07 264756                     /home/joelikho/soft/apache-maven/apache-maven-3.3.1/lib/jsoup-1.7.2.jar
7f8124010000-7f8124016000 r--s 0002d000 08:07 264736                     /home/joelikho/soft/apache-maven/apache-maven-3.3.1/lib/org.eclipse.sisu.plexus-0.3.0.jar
7f8124016000-7f8124019000 r--s 00025000 08:07 264718                     /home/joelikho/soft/apache-maven/apache-maven-3.3.1/lib/maven-model-3.3.1.jar
7f8124019000-7f812401b000 r--s 00000000 08:07 264730                     /home/joelikho/soft/apache-maven/apache-maven-3.3.1/lib/plexus-component-annotations-1.5.5.jar
7f812401b000-7f812401d000 r--s 00009000 08:07 264753                     /home/joelikho/soft/apache-maven/apache-maven-3.3.1/lib/commons-cli-1.2.jar
7f812401d000-7f812401f000 r--s 00000000 08:07 264749                     /home/joelikho/soft/apache-maven/apache-maven-3.3.1/lib/aopalliance-1.0.jar
7f812401f000-7f8124021000 r--s 00005000 08:07 264761                     /home/joelikho/soft/apache-maven/apache-maven-3.3.1/lib/aether-transport-wagon-1.0.2.v20150114.jar
7f8124021000-7f8124023000 r--s 00009000 08:07 264724                     /home/joelikho/soft/apache-maven/apache-maven-3.3.1/lib/maven-settings-builder-3.3.1.jar
7f8124023000-7f8124025000 r--s 0000a000 08:07 264735                     /home/joelikho/soft/apache-maven/apache-maven-3.3.1/lib/maven-plugin-api-3.3.1.jar
7f8124025000-7f8124026000 r--s 00002000 08:07 264755                     /home/joelikho/soft/apache-maven/apache-maven-3.3.1/lib/wagon-http-shared-2.8.jar
7f8124026000-7f812402c000 r--s 00040000 08:07 264750                     /home/joelikho/soft/apache-maven/apache-maven-3.3.1/lib/maven-compat-3.3.1.jar
7f812402c000-7f8124031000 r--s 00041000 08:07 264757                     /home/joelikho/soft/apache-maven/apache-maven-3.3.1/lib/commons-lang-2.6.jar
7f8124031000-7f812403e000 r--s 0008e000 08:07 264717                     /home/joelikho/soft/apache-maven/apache-maven-3.3.1/lib/maven-core-3.3.1.jar
7f812403e000-7f8124040000 r--s 0000b000 08:07 264751                     /home/joelikho/soft/apache-maven/apache-maven-3.3.1/lib/wagon-provider-api-2.8.jar
7f8124040000-7f8124044000 r--s 00038000 08:07 264706                     /home/joelikho/soft/apache-maven/apache-maven-3.3.1/lib/plexus-utils-3.0.20.jar
7f8124044000-7f8124047000 r--s 00013000 08:07 264704                     /home/joelikho/soft/apache-maven/apache-maven-3.3.1/lib/maven-embedder-3.3.1.jar
7f8124047000-7f8124049000 r--s 0000f000 08:07 264743                     /home/joelikho/soft/apache-maven/apache-maven-3.3.1/lib/maven-aether-provider-3.3.1.jar
7f8124049000-7f8124050000 r--s 00055000 08:07 264740                     /home/joelikho/soft/apache-maven/apache-maven-3.3.1/lib/org.eclipse.sisu.inject-0.3.0.jar
7f8124050000-7f81241fd000 rw-p 00000000 00:00 0 
7f81241fd000-7f81243ae000 r--s 01d27000 08:06 1064875                    /usr/lib/jvm/java-7-openjdk-amd64/jre/lib/rt.jar
7f81243ae000-7f81246e9000 rw-p 00000000 00:00 0 
7f81246e9000-7f81246ea000 ---p 00000000 00:00 0 
7f81246ea000-7f81247ea000 rw-p 00000000 00:00 0                          [stack:9388]
7f81247ea000-7f81247eb000 ---p 00000000 00:00 0 
7f81247eb000-7f81248f6000 rw-p 00000000 00:00 0                          [stack:9387]
7f81248f6000-7f812493e000 rw-p 00000000 00:00 0 
7f812493e000-7f8124953000 rw-p 00000000 00:00 0 
7f8124953000-7f8124a88000 rw-p 00000000 00:00 0 
7f8124a88000-7f8124a93000 rw-p 00000000 00:00 0 
7f8124a93000-7f8124adb000 rw-p 00000000 00:00 0 
7f8124adb000-7f8124af0000 rw-p 00000000 00:00 0 
7f8124af0000-7f8124c25000 rw-p 00000000 00:00 0 
7f8124c25000-7f8124c48000 rw-p 00000000 00:00 0 
7f8124c48000-7f8124cca000 rw-p 00000000 00:00 0 
7f8124cca000-7f8124ccb000 rw-p 00000000 00:00 0 
7f8124ccb000-7f8124cd3000 r-xp 00000000 08:06 1064852                    /usr/lib/jvm/java-7-openjdk-amd64/jre/lib/amd64/libzip.so
7f8124cd3000-7f8124ed2000 ---p 00008000 08:06 1064852                    /usr/lib/jvm/java-7-openjdk-amd64/jre/lib/amd64/libzip.so
7f8124ed2000-7f8124ed3000 r--p 00007000 08:06 1064852                    /usr/lib/jvm/java-7-openjdk-amd64/jre/lib/amd64/libzip.so
7f8124ed3000-7f8124ed4000 rw-p 00008000 08:06 1064852                    /usr/lib/jvm/java-7-openjdk-amd64/jre/lib/amd64/libzip.so
7f8124ed4000-7f8124edf000 r-xp 00000000 08:06 931056                     /lib/x86_64-linux-gnu/libnss_files-2.19.so
7f8124edf000-7f81250de000 ---p 0000b000 08:06 931056                     /lib/x86_64-linux-gnu/libnss_files-2.19.so
7f81250de000-7f81250df000 r--p 0000a000 08:06 931056                     /lib/x86_64-linux-gnu/libnss_files-2.19.so
7f81250df000-7f81250e0000 rw-p 0000b000 08:06 931056                     /lib/x86_64-linux-gnu/libnss_files-2.19.so
7f81250e0000-7f81250eb000 r-xp 00000000 08:06 931076                     /lib/x86_64-linux-gnu/libnss_nis-2.19.so
7f81250eb000-7f81252ea000 ---p 0000b000 08:06 931076                     /lib/x86_64-linux-gnu/libnss_nis-2.19.so
7f81252ea000-7f81252eb000 r--p 0000a000 08:06 931076                     /lib/x86_64-linux-gnu/libnss_nis-2.19.so
7f81252eb000-7f81252ec000 rw-p 0000b000 08:06 931076                     /lib/x86_64-linux-gnu/libnss_nis-2.19.so
7f81252ec000-7f8125303000 r-xp 00000000 08:06 931065                     /lib/x86_64-linux-gnu/libnsl-2.19.so
7f8125303000-7f8125502000 ---p 00017000 08:06 931065                     /lib/x86_64-linux-gnu/libnsl-2.19.so
7f8125502000-7f8125503000 r--p 00016000 08:06 931065                     /lib/x86_64-linux-gnu/libnsl-2.19.so
7f8125503000-7f8125504000 rw-p 00017000 08:06 931065                     /lib/x86_64-linux-gnu/libnsl-2.19.so
7f8125504000-7f8125506000 rw-p 00000000 00:00 0 
7f8125506000-7f812550f000 r-xp 00000000 08:06 931064                     /lib/x86_64-linux-gnu/libnss_compat-2.19.so
7f812550f000-7f812570e000 ---p 00009000 08:06 931064                     /lib/x86_64-linux-gnu/libnss_compat-2.19.so
7f812570e000-7f812570f000 r--p 00008000 08:06 931064                     /lib/x86_64-linux-gnu/libnss_compat-2.19.so
7f812570f000-7f8125710000 rw-p 00009000 08:06 931064                     /lib/x86_64-linux-gnu/libnss_compat-2.19.so
7f8125710000-7f812573b000 r-xp 00000000 08:06 1064868                    /usr/lib/jvm/java-7-openjdk-amd64/jre/lib/amd64/libjava.so
7f812573b000-7f812593b000 ---p 0002b000 08:06 1064868                    /usr/lib/jvm/java-7-openjdk-amd64/jre/lib/amd64/libjava.so
7f812593b000-7f812593c000 r--p 0002b000 08:06 1064868                    /usr/lib/jvm/java-7-openjdk-amd64/jre/lib/amd64/libjava.so
7f812593c000-7f812593e000 rw-p 0002c000 08:06 1064868                    /usr/lib/jvm/java-7-openjdk-amd64/jre/lib/amd64/libjava.so
7f812593e000-7f812594e000 r-xp 00000000 08:06 1064865                    /usr/lib/jvm/java-7-openjdk-amd64/jre/lib/amd64/libverify.so
7f812594e000-7f8125b4d000 ---p 00010000 08:06 1064865                    /usr/lib/jvm/java-7-openjdk-amd64/jre/lib/amd64/libverify.so
7f8125b4d000-7f8125b4f000 r--p 0000f000 08:06 1064865                    /usr/lib/jvm/java-7-openjdk-amd64/jre/lib/amd64/libverify.so
7f8125b4f000-7f8125b50000 rw-p 00011000 08:06 1064865                    /usr/lib/jvm/java-7-openjdk-amd64/jre/lib/amd64/libverify.so
7f8125b50000-7f8125b57000 r-xp 00000000 08:06 931073                     /lib/x86_64-linux-gnu/librt-2.19.so
7f8125b57000-7f8125d56000 ---p 00007000 08:06 931073                     /lib/x86_64-linux-gnu/librt-2.19.so
7f8125d56000-7f8125d57000 r--p 00006000 08:06 931073                     /lib/x86_64-linux-gnu/librt-2.19.so
7f8125d57000-7f8125d58000 rw-p 00007000 08:06 931073                     /lib/x86_64-linux-gnu/librt-2.19.so
7f8125d58000-7f8125d6e000 r-xp 00000000 08:06 923893                     /lib/x86_64-linux-gnu/libgcc_s.so.1
7f8125d6e000-7f8125f6d000 ---p 00016000 08:06 923893                     /lib/x86_64-linux-gnu/libgcc_s.so.1
7f8125f6d000-7f8125f6e000 rw-p 00015000 08:06 923893                     /lib/x86_64-linux-gnu/libgcc_s.so.1
7f8125f6e000-7f8126073000 r-xp 00000000 08:06 924231                     /lib/x86_64-linux-gnu/libm-2.19.so
7f8126073000-7f8126272000 ---p 00105000 08:06 924231                     /lib/x86_64-linux-gnu/libm-2.19.so
7f8126272000-7f8126273000 r--p 00104000 08:06 924231                     /lib/x86_64-linux-gnu/libm-2.19.so
7f8126273000-7f8126274000 rw-p 00105000 08:06 924231                     /lib/x86_64-linux-gnu/libm-2.19.so
7f8126274000-7f812635a000 r-xp 00000000 08:06 9827                       /usr/lib/x86_64-linux-gnu/libstdc++.so.6.0.19
7f812635a000-7f8126559000 ---p 000e6000 08:06 9827                       /usr/lib/x86_64-linux-gnu/libstdc++.so.6.0.19
7f8126559000-7f8126561000 r--p 000e5000 08:06 9827                       /usr/lib/x86_64-linux-gnu/libstdc++.so.6.0.19
7f8126561000-7f8126563000 rw-p 000ed000 08:06 9827                       /usr/lib/x86_64-linux-gnu/libstdc++.so.6.0.19
7f8126563000-7f8126578000 rw-p 00000000 00:00 0 
7f8126578000-7f8127090000 r-xp 00000000 08:06 1064873                    /usr/lib/jvm/java-7-openjdk-amd64/jre/lib/amd64/server/libjvm.so
7f8127090000-7f8127290000 ---p 00b18000 08:06 1064873                    /usr/lib/jvm/java-7-openjdk-amd64/jre/lib/amd64/server/libjvm.so
7f8127290000-7f812732a000 r--p 00b18000 08:06 1064873                    /usr/lib/jvm/java-7-openjdk-amd64/jre/lib/amd64/server/libjvm.so
7f812732a000-7f812734d000 rw-p 00bb2000 08:06 1064873                    /usr/lib/jvm/java-7-openjdk-amd64/jre/lib/amd64/server/libjvm.so
7f812734d000-7f812737b000 rw-p 00000000 00:00 0 
7f812737b000-7f8127393000 r-xp 00000000 08:06 924029                     /lib/x86_64-linux-gnu/libz.so.1.2.8
7f8127393000-7f8127592000 ---p 00018000 08:06 924029                     /lib/x86_64-linux-gnu/libz.so.1.2.8
7f8127592000-7f8127593000 r--p 00017000 08:06 924029                     /lib/x86_64-linux-gnu/libz.so.1.2.8
7f8127593000-7f8127594000 rw-p 00018000 08:06 924029                     /lib/x86_64-linux-gnu/libz.so.1.2.8
7f8127594000-7f81275ad000 r-xp 00000000 08:06 931071                     /lib/x86_64-linux-gnu/libpthread-2.19.so
7f81275ad000-7f81277ac000 ---p 00019000 08:06 931071                     /lib/x86_64-linux-gnu/libpthread-2.19.so
7f81277ac000-7f81277ad000 r--p 00018000 08:06 931071                     /lib/x86_64-linux-gnu/libpthread-2.19.so
7f81277ad000-7f81277ae000 rw-p 00019000 08:06 931071                     /lib/x86_64-linux-gnu/libpthread-2.19.so
7f81277ae000-7f81277b2000 rw-p 00000000 00:00 0 
7f81277b2000-7f81277b5000 r-xp 00000000 08:06 931059                     /lib/x86_64-linux-gnu/libdl-2.19.so
7f81277b5000-7f81279b4000 ---p 00003000 08:06 931059                     /lib/x86_64-linux-gnu/libdl-2.19.so
7f81279b4000-7f81279b5000 r--p 00002000 08:06 931059                     /lib/x86_64-linux-gnu/libdl-2.19.so
7f81279b5000-7f81279b6000 rw-p 00003000 08:06 931059                     /lib/x86_64-linux-gnu/libdl-2.19.so
7f81279b6000-7f8127b71000 r-xp 00000000 08:06 931070                     /lib/x86_64-linux-gnu/libc-2.19.so
7f8127b71000-7f8127d70000 ---p 001bb000 08:06 931070                     /lib/x86_64-linux-gnu/libc-2.19.so
7f8127d70000-7f8127d74000 r--p 001ba000 08:06 931070                     /lib/x86_64-linux-gnu/libc-2.19.so
7f8127d74000-7f8127d76000 rw-p 001be000 08:06 931070                     /lib/x86_64-linux-gnu/libc-2.19.so
7f8127d76000-7f8127d7b000 rw-p 00000000 00:00 0 
7f8127d7b000-7f8127d88000 r-xp 00000000 08:06 1064844                    /usr/lib/jvm/java-7-openjdk-amd64/jre/lib/amd64/jli/libjli.so
7f8127d88000-7f8127f87000 ---p 0000d000 08:06 1064844                    /usr/lib/jvm/java-7-openjdk-amd64/jre/lib/amd64/jli/libjli.so
7f8127f87000-7f8127f88000 r--p 0000c000 08:06 1064844                    /usr/lib/jvm/java-7-openjdk-amd64/jre/lib/amd64/jli/libjli.so
7f8127f88000-7f8127f89000 rw-p 0000d000 08:06 1064844                    /usr/lib/jvm/java-7-openjdk-amd64/jre/lib/amd64/jli/libjli.so
7f8127f89000-7f8127fac000 r-xp 00000000 08:06 931067                     /lib/x86_64-linux-gnu/ld-2.19.so
7f8127fac000-7f8127fae000 r--s 0000b000 08:07 264655                     /home/joelikho/soft/apache-maven/apache-maven-3.3.1/boot/plexus-classworlds-2.5.2.jar
7f8127fae000-7f8127fb2000 r--s 00034000 08:06 1064882                    /usr/lib/jvm/java-7-openjdk-amd64/jre/lib/ext/sunjce_provider.jar
7f8127fb2000-7f8127fb5000 r--s 00086000 08:06 1064881                    /usr/lib/jvm/java-7-openjdk-amd64/jre/lib/ext/localedata.jar
7f8127fb5000-7f8127fd6000 rw-p 00000000 00:00 0 
7f8127fd6000-7f812808c000 rw-p 00000000 00:00 0 
7f812808c000-7f812808f000 ---p 00000000 00:00 0 
7f812808f000-7f8128192000 rw-p 00000000 00:00 0                          [stack:9386]
7f8128192000-7f8128193000 r--s 00006000 08:07 264731                     /home/joelikho/soft/apache-maven/apache-maven-3.3.1/lib/plexus-sec-dispatcher-1.3.jar
7f8128193000-7f8128194000 r--s 00002000 08:06 1064879                    /usr/lib/jvm/java-7-openjdk-amd64/jre/lib/ext/dnsns.jar
7f8128194000-7f8128196000 r--s 00006000 08:06 293130                     /usr/share/java/java-atk-wrapper.jar
7f8128196000-7f8128199000 r--s 0000f000 08:06 1064878                    /usr/lib/jvm/java-7-openjdk-amd64/jre/lib/ext/icedtea-sound.jar
7f8128199000-7f812819b000 r--s 00012000 08:06 1064883                    /usr/lib/jvm/java-7-openjdk-amd64/jre/lib/ext/zipfs.jar
7f812819b000-7f812819f000 r--s 0003c000 08:06 1064880                    /usr/lib/jvm/java-7-openjdk-amd64/jre/lib/ext/sunpkcs11.jar
7f812819f000-7f81281a7000 rw-s 00000000 08:06 704295                     /tmp/hsperfdata_joelikho/9366
7f81281a7000-7f81281a8000 rw-p 00000000 00:00 0 
7f81281a8000-7f81281a9000 ---p 00000000 00:00 0 
7f81281a9000-7f81281ab000 rw-p 00000000 00:00 0 
7f81281ab000-7f81281ac000 r--p 00022000 08:06 931067                     /lib/x86_64-linux-gnu/ld-2.19.so
7f81281ac000-7f81281ad000 rw-p 00023000 08:06 931067                     /lib/x86_64-linux-gnu/ld-2.19.so
7f81281ad000-7f81281ae000 rw-p 00000000 00:00 0 
7ffe6db29000-7ffe6db4a000 rw-p 00000000 00:00 0                          [stack]
7ffe6dbb9000-7ffe6dbbb000 r-xp 00000000 00:00 0                          [vdso]
7ffe6dbbb000-7ffe6dbbd000 r--p 00000000 00:00 0                          [vvar]
ffffffffff600000-ffffffffff601000 r-xp 00000000 00:00 0                  [vsyscall]

VM Arguments:
jvm_args: -Dclassworlds.conf=/home/joelikho/soft/apache-maven/apache-maven-3.3.1/bin/m2.conf -Dmaven.home=/home/joelikho/soft/apache-maven/apache-maven-3.3.1 -Dmaven.multiModuleProjectDirectory=/home/joelikho/dev/gestoranimals 
java_command: org.codehaus.plexus.classworlds.launcher.Launcher exec:java -Dexec.mainClass=org.iesjoandaustria.animals.App
Launcher Type: SUN_STANDARD

Environment Variables:
JAVA_HOME=/usr/lib/jvm/java-7-openjdk-amd64
CLASSPATH=:/home/joelikho/lib/postgresql-9.4-1201.jdbc41.jar
PATH=/usr/local/sbin:/usr/local/bin:/usr/sbin:/usr/bin:/sbin:/bin:/usr/games:/usr/local/games:/home/joelikho/soft/apache-maven/apache-maven-3.3.1/bin
SHELL=/bin/bash
DISPLAY=:0

Signal Handlers:
SIGSEGV: [libjvm.so+0x94b9a0], sa_mask[0]=0x7ffbfeff, sa_flags=0x10000004
SIGBUS: [libjvm.so+0x94b9a0], sa_mask[0]=0x7ffbfeff, sa_flags=0x10000004
SIGFPE: [libjvm.so+0x7c3880], sa_mask[0]=0x7ffbfeff, sa_flags=0x10000004
SIGPIPE: [libjvm.so+0x7c3880], sa_mask[0]=0x7ffbfeff, sa_flags=0x10000004
SIGXFSZ: [libjvm.so+0x7c3880], sa_mask[0]=0x7ffbfeff, sa_flags=0x10000004
SIGILL: [libjvm.so+0x7c3880], sa_mask[0]=0x7ffbfeff, sa_flags=0x10000004
SIGUSR1: SIG_DFL, sa_mask[0]=0x00000000, sa_flags=0x00000000
SIGUSR2: [libjvm.so+0x7c3720], sa_mask[0]=0x00000000, sa_flags=0x10000004
SIGHUP: [libjvm.so+0x7c3900], sa_mask[0]=0x7ffbfeff, sa_flags=0x10000004
SIGINT: [libjvm.so+0x7c3900], sa_mask[0]=0x7ffbfeff, sa_flags=0x10000004
SIGTERM: [libjvm.so+0x7c3900], sa_mask[0]=0x7ffbfeff, sa_flags=0x10000004
SIGQUIT: [libjvm.so+0x7c3900], sa_mask[0]=0x7ffbfeff, sa_flags=0x10000004
SIGTRAP: SIG_DFL, sa_mask[0]=0x00000000, sa_flags=0x00000000


---------------  S Y S T E M  ---------------

OS:Ubuntu 14.04 (trusty)
uname:Linux 3.16.0-34-generic #47~14.04.1-Ubuntu SMP Fri Apr 10 17:49:16 UTC 2015 x86_64
libc:glibc 2.19 NPTL 2.19 
rlimit: STACK 8192k, CORE 0k, NPROC 15726, NOFILE 4096, AS infinity
load average:0,25 0,44 0,37

/proc/meminfo:
MemTotal:        4047472 kB
MemFree:         1278092 kB
MemAvailable:    2154264 kB
Buffers:           84692 kB
Cached:           993052 kB
SwapCached:         3580 kB
Active:          1261412 kB
Inactive:        1021420 kB
Active(anon):     748016 kB
Inactive(anon):   528948 kB
Active(file):     513396 kB
Inactive(file):   492472 kB
Unevictable:          48 kB
Mlocked:              48 kB
SwapTotal:       3905532 kB
SwapFree:        3899968 kB
Dirty:               252 kB
Writeback:             0 kB
AnonPages:       1203688 kB
Mapped:           634272 kB
Shmem:             71896 kB
Slab:             111028 kB
SReclaimable:      78480 kB
SUnreclaim:        32548 kB
KernelStack:        8416 kB
PageTables:        38536 kB
NFS_Unstable:          0 kB
Bounce:                0 kB
WritebackTmp:          0 kB
CommitLimit:     5929268 kB
Committed_AS:    5207956 kB
VmallocTotal:   34359738367 kB
VmallocUsed:      103600 kB
VmallocChunk:   34359601244 kB
HardwareCorrupted:     0 kB
AnonHugePages:    387072 kB
HugePages_Total:       0
HugePages_Free:        0
HugePages_Rsvd:        0
HugePages_Surp:        0
Hugepagesize:       2048 kB
DirectMap4k:       69280 kB
DirectMap2M:     4124672 kB


CPU:total 2 (2 cores per cpu, 1 threads per core) family 6 model 23 stepping 10, cmov, cx8, fxsr, mmx, sse, sse2, sse3, ssse3, tsc

/proc/cpuinfo:
processor	: 0
vendor_id	: GenuineIntel
cpu family	: 6
model		: 23
model name	: Pentium(R) Dual-Core CPU       T4500  @ 2.30GHz
stepping	: 10
microcode	: 0xa07
cpu MHz		: 2300.000
cache size	: 1024 KB
physical id	: 0
siblings	: 2
core id		: 0
cpu cores	: 2
apicid		: 0
initial apicid	: 0
fpu		: yes
fpu_exception	: yes
cpuid level	: 13
wp		: yes
flags		: fpu vme de pse tsc msr pae mce cx8 apic sep mtrr pge mca cmov pat pse36 clflush dts acpi mmx fxsr sse sse2 ss ht tm pbe syscall nx lm constant_tsc arch_perfmon pebs bts rep_good nopl aperfmperf pni dtes64 monitor ds_cpl est tm2 ssse3 cx16 xtpr pdcm xsave lahf_lm dtherm
bogomips	: 4600.23
clflush size	: 64
cache_alignment	: 64
address sizes	: 36 bits physical, 48 bits virtual
power management:

processor	: 1
vendor_id	: GenuineIntel
cpu family	: 6
model		: 23
model name	: Pentium(R) Dual-Core CPU       T4500  @ 2.30GHz
stepping	: 10
microcode	: 0xa07
cpu MHz		: 2300.000
cache size	: 1024 KB
physical id	: 0
siblings	: 2
core id		: 1
cpu cores	: 2
apicid		: 1
initial apicid	: 1
fpu		: yes
fpu_exception	: yes
cpuid level	: 13
wp		: yes
flags		: fpu vme de pse tsc msr pae mce cx8 apic sep mtrr pge mca cmov pat pse36 clflush dts acpi mmx fxsr sse sse2 ss ht tm pbe syscall nx lm constant_tsc arch_perfmon pebs bts rep_good nopl aperfmperf pni dtes64 monitor ds_cpl est tm2 ssse3 cx16 xtpr pdcm xsave lahf_lm dtherm
bogomips	: 4600.23
clflush size	: 64
cache_alignment	: 64
address sizes	: 36 bits physical, 48 bits virtual
power management:



Memory: 4k page, physical 4047472k(1278092k free), swap 3905532k(3899968k free)

vm_info: OpenJDK 64-Bit Server VM (24.79-b02) for linux-amd64 JRE (1.7.0_79-b14), built on Apr 16 2015 08:21:58 by "buildd" with gcc 4.8.2

time: Sat May  2 19:38:04 2015
elapsed time: 223 seconds

